0    [main] INFO  eclipse.emf.mwe.core.WorkflowEngine  - --------------------------------------------------------------------------------------
2    [main] INFO  eclipse.emf.mwe.core.WorkflowEngine  - EMF Modeling Workflow Engine 1.3.11, Build v201508030321
2    [main] INFO  eclipse.emf.mwe.core.WorkflowEngine  - (c) 2005-2009 openarchitectureware.org and contributors
3    [main] INFO  eclipse.emf.mwe.core.WorkflowEngine  - --------------------------------------------------------------------------------------
3    [main] INFO  eclipse.emf.mwe.core.WorkflowEngine  - running workflow: C:/Arthook_DSM/Arthook/templates/workflow/generator.mwe
3    [main] INFO  eclipse.emf.mwe.core.WorkflowEngine  - 
473  [main] INFO  lipse.emf.mwe.utils.StandaloneSetup  - Registering platform uri 'C:\Arthook_DSM'
598  [main] INFO  lipse.emf.mwe.utils.StandaloneSetup  - Adding generated EPackage 'es.ua.dlsi.ooh.conceptualView.ConceptualViewPackage'
669  [main] INFO  lipse.emf.mwe.utils.StandaloneSetup  - Adding generated EPackage 'org.eclipse.gmf.runtime.notation.NotationPackage'
797  [main] INFO  e.core.container.CompositeComponent  - Workflow: executing workflow workflow::nhibernate::generator.mwe in C:/Arthook_DSM/Arthook/templates/workflow/generator.mwe:12
798  [main] INFO  e.core.container.CompositeComponent  - XmiReader: file 'models/default.domainModel' => slot 'es_ua_dlsi_ooh_conceptual_model'
1031 [main] INFO  e.core.container.CompositeComponent  - CheckComponent: slot es_ua_dlsi_ooh_conceptual_model check file(s): metamodel::Checks 
1570 [main] INFO  e.core.container.CompositeComponent  - es.ua.dlsi.ooh.persistence.nhibernate.generator.workflowComponents.CleanBackup
Se ha borrado el directorio backup en la ubicacion: ../ArthookGen\Backup
1581 [main] INFO  e.core.container.CompositeComponent  - Generator(nhibernate.generator): generating 'workflow::nhibernate::workflow::main FOR true' => [CONFIGURATION:../ArthookGen(overwrite=false,append=false,fileEncoding=utf-8), ../ArthookGen]
La licencia está en vigor. Su fecha de expiración es: Mon Sep 30 14:22:42 CEST 2024
1694 [main] INFO  and2.pr.ProtectedRegionResolverImpl  - Source scan started ...
1968 [main] INFO  and2.pr.ProtectedRegionResolverImpl  - Source scan finished in 0.274s
1968 [main] INFO  and2.pr.ProtectedRegionResolverImpl  - Files scanned: 102
1968 [main] INFO  and2.pr.ProtectedRegionResolverImpl  - Regions found: 4
configuroConf:C:\Users\Samuel\AppData\Local\Temp\OOH4RIA7661561695587054951.cfg
enc:utf-8
enc:utf-8
enc:utf-8
enc:utf-8
2623 [main] INFO  ipse.xtend.util.stdlib.IOExtensions  - PublicacionRepository
LA clase origen: Publicacion y el nombre de rol: usuarioPublicacion
LA clase destino: Publicacion y el nombre de rol: usuarioPublicacion
Encontrado en: asoTarget: publicacion_usuario El nombre de rol origen (generado): publicacionUsuario y el nombre del rol destino:usuarioPublicacion
LA clase origen: Publicacion y el nombre de rol: usuarioPublicacion
LA clase destino: Publicacion y el nombre de rol: usuarioPublicacion
Encontrado en: asoTarget: publicacion_usuario El nombre de rol origen (generado): publicacionUsuario y el nombre del rol destino:usuarioPublicacion
LA clase origen: Publicacion y el nombre de rol: usuarioPublicacion
LA clase destino: Publicacion y el nombre de rol: usuarioPublicacion
Encontrado en: asoTarget: publicacion_usuario El nombre de rol origen (generado): publicacionUsuario y el nombre del rol destino:usuarioPublicacion
enc:utf-8
2739 [main] INFO  ipse.xtend.util.stdlib.IOExtensions  - PedidoRepository
LA clase origen: Pedido y el nombre de rol: usuarioPedido
DISTINTO en: asoOrigin: linPed_pedido. El nombre del rol origen: linPedPed de el rol destino: usuarioPedido
LA clase destino: Pedido y el nombre de rol: usuarioPedido
Encontrado en: asoTarget: pedido_usuario El nombre de rol origen (generado): pedidoUsuario y el nombre del rol destino:usuarioPedido
LA clase origen: Pedido y el nombre de rol: usuarioPedido
DISTINTO en: asoOrigin: linPed_pedido. El nombre del rol origen: linPedPed de el rol destino: usuarioPedido
LA clase destino: Pedido y el nombre de rol: usuarioPedido
Encontrado en: asoTarget: pedido_usuario El nombre de rol origen (generado): pedidoUsuario y el nombre del rol destino:usuarioPedido
LA clase origen: Pedido y el nombre de rol: usuarioPedido
DISTINTO en: asoOrigin: linPed_pedido. El nombre del rol origen: linPedPed de el rol destino: usuarioPedido
LA clase destino: Pedido y el nombre de rol: usuarioPedido
Encontrado en: asoTarget: pedido_usuario El nombre de rol origen (generado): pedidoUsuario y el nombre del rol destino:usuarioPedido
enc:utf-8
2823 [main] INFO  ipse.xtend.util.stdlib.IOExtensions  - LinPedRepository
LA clase origen: LinPed y el nombre de rol: pedidoLinPed
DISTINTO en: asoOrigin: publicacion_linPed. El nombre del rol origen: publicacionLinPed de el rol destino: pedidoLinPed
LA clase destino: LinPed y el nombre de rol: pedidoLinPed
Encontrado en: asoTarget: linPed_pedido El nombre de rol origen (generado): linPedPed y el nombre del rol destino:pedidoLinPed
LA clase origen: LinPed y el nombre de rol: pedidoLinPed
DISTINTO en: asoOrigin: publicacion_linPed. El nombre del rol origen: publicacionLinPed de el rol destino: pedidoLinPed
LA clase destino: LinPed y el nombre de rol: pedidoLinPed
Encontrado en: asoTarget: linPed_pedido El nombre de rol origen (generado): linPedPed y el nombre del rol destino:pedidoLinPed
LA clase origen: LinPed y el nombre de rol: pedidoLinPed
DISTINTO en: asoOrigin: publicacion_linPed. El nombre del rol origen: publicacionLinPed de el rol destino: pedidoLinPed
LA clase destino: LinPed y el nombre de rol: pedidoLinPed
Encontrado en: asoTarget: linPed_pedido El nombre de rol origen (generado): linPedPed y el nombre del rol destino:pedidoLinPed
enc:utf-8
2900 [main] INFO  ipse.xtend.util.stdlib.IOExtensions  - MensajeRepository
LA clase origen: Mensaje y el nombre de rol: emisor
LA clase destino: Mensaje y el nombre de rol: emisor
Encontrado en: asoTarget: mensaje_usuario El nombre de rol origen (generado): mensajeE y el nombre del rol destino:emisor
LA clase origen: Mensaje y el nombre de rol: emisor
LA clase destino: Mensaje y el nombre de rol: emisor
Encontrado en: asoTarget: mensaje_usuario El nombre de rol origen (generado): mensajeE y el nombre del rol destino:emisor
LA clase origen: Mensaje y el nombre de rol: emisor
LA clase destino: Mensaje y el nombre de rol: emisor
Encontrado en: asoTarget: mensaje_usuario El nombre de rol origen (generado): mensajeE y el nombre del rol destino:emisor
LA clase origen: Mensaje y el nombre de rol: receptor
LA clase destino: Mensaje y el nombre de rol: receptor
DISTINTO en: asoTarget: mensaje_usuario. El nombre del rol destino: emisor de el rol origen: receptor
Encontrado en: asoTarget: mensaje_usuario_2 El nombre de rol origen (generado): mensajeR y el nombre del rol destino:receptor
LA clase origen: Mensaje y el nombre de rol: receptor
LA clase destino: Mensaje y el nombre de rol: receptor
DISTINTO en: asoTarget: mensaje_usuario. El nombre del rol destino: emisor de el rol origen: receptor
Encontrado en: asoTarget: mensaje_usuario_2 El nombre de rol origen (generado): mensajeR y el nombre del rol destino:receptor
LA clase origen: Mensaje y el nombre de rol: receptor
LA clase destino: Mensaje y el nombre de rol: receptor
DISTINTO en: asoTarget: mensaje_usuario. El nombre del rol destino: emisor de el rol origen: receptor
Encontrado en: asoTarget: mensaje_usuario_2 El nombre de rol origen (generado): mensajeR y el nombre del rol destino:receptor
enc:utf-8
2997 [main] INFO  ipse.xtend.util.stdlib.IOExtensions  - ValoracionUsuarioRepository
LA clase origen: ValoracionUsuario y el nombre de rol: valorador
LA clase destino: ValoracionUsuario y el nombre de rol: valorador
Encontrado en: asoTarget: valoracionUsuario_usuario El nombre de rol origen (generado): valoracionEmitida y el nombre del rol destino:valorador
LA clase origen: ValoracionUsuario y el nombre de rol: valorador
LA clase destino: ValoracionUsuario y el nombre de rol: valorador
Encontrado en: asoTarget: valoracionUsuario_usuario El nombre de rol origen (generado): valoracionEmitida y el nombre del rol destino:valorador
LA clase origen: ValoracionUsuario y el nombre de rol: valorador
LA clase destino: ValoracionUsuario y el nombre de rol: valorador
Encontrado en: asoTarget: valoracionUsuario_usuario El nombre de rol origen (generado): valoracionEmitida y el nombre del rol destino:valorador
LA clase origen: ValoracionUsuario y el nombre de rol: valorado
LA clase destino: ValoracionUsuario y el nombre de rol: valorado
DISTINTO en: asoTarget: valoracionUsuario_usuario. El nombre del rol destino: valorador de el rol origen: valorado
Encontrado en: asoTarget: valoracionUsuario_usuario_2 El nombre de rol origen (generado): valoracionRecibida y el nombre del rol destino:valorado
LA clase origen: ValoracionUsuario y el nombre de rol: valorado
LA clase destino: ValoracionUsuario y el nombre de rol: valorado
DISTINTO en: asoTarget: valoracionUsuario_usuario. El nombre del rol destino: valorador de el rol origen: valorado
Encontrado en: asoTarget: valoracionUsuario_usuario_2 El nombre de rol origen (generado): valoracionRecibida y el nombre del rol destino:valorado
LA clase origen: ValoracionUsuario y el nombre de rol: valorado
LA clase destino: ValoracionUsuario y el nombre de rol: valorado
DISTINTO en: asoTarget: valoracionUsuario_usuario. El nombre del rol destino: valorador de el rol origen: valorado
Encontrado en: asoTarget: valoracionUsuario_usuario_2 El nombre de rol origen (generado): valoracionRecibida y el nombre del rol destino:valorado
enc:utf-8
3097 [main] INFO  ipse.xtend.util.stdlib.IOExtensions  - ValoracionPublicacionRepository
LA clase origen: ValoracionPublicacion y el nombre de rol: usuarioValoracion
DISTINTO en: asoOrigin: publicacion_valoracionPublicacion. El nombre del rol origen: publicacionValoracion de el rol destino: usuarioValoracion
LA clase destino: ValoracionPublicacion y el nombre de rol: usuarioValoracion
Encontrado en: asoTarget: valoracionPublicacion_usuario El nombre de rol origen (generado): valoracionPublicacionUsuaro y el nombre del rol destino:usuarioValoracion
LA clase origen: ValoracionPublicacion y el nombre de rol: usuarioValoracion
DISTINTO en: asoOrigin: publicacion_valoracionPublicacion. El nombre del rol origen: publicacionValoracion de el rol destino: usuarioValoracion
LA clase destino: ValoracionPublicacion y el nombre de rol: usuarioValoracion
Encontrado en: asoTarget: valoracionPublicacion_usuario El nombre de rol origen (generado): valoracionPublicacionUsuaro y el nombre del rol destino:usuarioValoracion
LA clase origen: ValoracionPublicacion y el nombre de rol: usuarioValoracion
DISTINTO en: asoOrigin: publicacion_valoracionPublicacion. El nombre del rol origen: publicacionValoracion de el rol destino: usuarioValoracion
LA clase destino: ValoracionPublicacion y el nombre de rol: usuarioValoracion
Encontrado en: asoTarget: valoracionPublicacion_usuario El nombre de rol origen (generado): valoracionPublicacionUsuaro y el nombre del rol destino:usuarioValoracion
LA clase origen: ValoracionPublicacion y el nombre de rol: publicacionValoracion
Encontrado en: asoOrigin: publicacion_valoracionPublicacion. El nombre del rol origen: publicacionValoracion y el nombre de rol destino: valoracionPublicacion
LA clase origen: ValoracionPublicacion y el nombre de rol: publicacionValoracion
Encontrado en: asoOrigin: publicacion_valoracionPublicacion. El nombre del rol origen: publicacionValoracion y el nombre de rol destino: valoracionPublicacion
LA clase origen: ValoracionPublicacion y el nombre de rol: publicacionValoracion
Encontrado en: asoOrigin: publicacion_valoracionPublicacion. El nombre del rol origen: publicacionValoracion y el nombre de rol destino: valoracionPublicacion
LA clase origen: ValoracionPublicacion y el nombre de rol: publicacionValoracion
Encontrado en: asoOrigin: publicacion_valoracionPublicacion. El nombre del rol origen: publicacionValoracion y el nombre de rol destino: valoracionPublicacion
LA clase origen: ValoracionPublicacion y el nombre de rol: publicacionValoracion
Encontrado en: asoOrigin: publicacion_valoracionPublicacion. El nombre del rol origen: publicacionValoracion y el nombre de rol destino: valoracionPublicacion
LA clase origen: ValoracionPublicacion y el nombre de rol: publicacionValoracion
Encontrado en: asoOrigin: publicacion_valoracionPublicacion. El nombre del rol origen: publicacionValoracion y el nombre de rol destino: valoracionPublicacion
enc:utf-8
3196 [main] INFO  ipse.xtend.util.stdlib.IOExtensions  - DevolucionRepository
LA clase origen: Devolucion y el nombre de rol: usuarioDevolucion
DISTINTO en: asoOrigin: pedido_devolucion. El nombre del rol origen: pedidoDevolucion de el rol destino: usuarioDevolucion
LA clase destino: Devolucion y el nombre de rol: usuarioDevolucion
Encontrado en: asoTarget: devolucion_usuario El nombre de rol origen (generado): devolucionUsuario y el nombre del rol destino:usuarioDevolucion
LA clase origen: Devolucion y el nombre de rol: usuarioDevolucion
DISTINTO en: asoOrigin: pedido_devolucion. El nombre del rol origen: pedidoDevolucion de el rol destino: usuarioDevolucion
LA clase destino: Devolucion y el nombre de rol: usuarioDevolucion
Encontrado en: asoTarget: devolucion_usuario El nombre de rol origen (generado): devolucionUsuario y el nombre del rol destino:usuarioDevolucion
LA clase origen: Devolucion y el nombre de rol: usuarioDevolucion
DISTINTO en: asoOrigin: pedido_devolucion. El nombre del rol origen: pedidoDevolucion de el rol destino: usuarioDevolucion
LA clase destino: Devolucion y el nombre de rol: usuarioDevolucion
Encontrado en: asoTarget: devolucion_usuario El nombre de rol origen (generado): devolucionUsuario y el nombre del rol destino:usuarioDevolucion
LA clase origen: Devolucion y el nombre de rol: pedidoDevolucion
Encontrado en: asoOrigin: pedido_devolucion. El nombre del rol origen: pedidoDevolucion y el nombre de rol destino: devolucionPedido
LA clase origen: Devolucion y el nombre de rol: pedidoDevolucion
Encontrado en: asoOrigin: pedido_devolucion. El nombre del rol origen: pedidoDevolucion y el nombre de rol destino: devolucionPedido
LA clase origen: Devolucion y el nombre de rol: pedidoDevolucion
Encontrado en: asoOrigin: pedido_devolucion. El nombre del rol origen: pedidoDevolucion y el nombre de rol destino: devolucionPedido
LA clase origen: Devolucion y el nombre de rol: pedidoDevolucion
Encontrado en: asoOrigin: pedido_devolucion. El nombre del rol origen: pedidoDevolucion y el nombre de rol destino: devolucionPedido
LA clase origen: Devolucion y el nombre de rol: pedidoDevolucion
Encontrado en: asoOrigin: pedido_devolucion. El nombre del rol origen: pedidoDevolucion y el nombre de rol destino: devolucionPedido
LA clase origen: Devolucion y el nombre de rol: pedidoDevolucion
Encontrado en: asoOrigin: pedido_devolucion. El nombre del rol origen: pedidoDevolucion y el nombre de rol destino: devolucionPedido
enc:utf-8
3297 [main] INFO  ipse.xtend.util.stdlib.IOExtensions  - TarifaRepository
LA clase origen: Tarifa y el nombre de rol: usuarioTarifa
LA clase destino: Tarifa y el nombre de rol: usuarioTarifa
Encontrado en: asoTarget: tarifa_usuario El nombre de rol origen (generado): tarifa y el nombre del rol destino:usuarioTarifa
LA clase origen: Tarifa y el nombre de rol: usuarioTarifa
LA clase destino: Tarifa y el nombre de rol: usuarioTarifa
Encontrado en: asoTarget: tarifa_usuario El nombre de rol origen (generado): tarifa y el nombre del rol destino:usuarioTarifa
LA clase origen: Tarifa y el nombre de rol: usuarioTarifa
LA clase destino: Tarifa y el nombre de rol: usuarioTarifa
Encontrado en: asoTarget: tarifa_usuario El nombre de rol origen (generado): tarifa y el nombre del rol destino:usuarioTarifa
enc:utf-8
3371 [main] INFO  ipse.xtend.util.stdlib.IOExtensions  - UsuarioRepository
enc:utf-8
3446 [main] INFO  ipse.xtend.util.stdlib.IOExtensions  - MetodoPagoRepository
enc:utf-8
enc:utf-8
enc:utf-8
enc:utf-8
enc:utf-8
enc:utf-8
enc:utf-8
enc:utf-8
enc:utf-8
enc:utf-8
enc:utf-8
enc:utf-8
enc:utf-8
enc:utf-8
4316 [main] INFO  ipse.xtend.util.stdlib.IOExtensions  - PublicacionCEN
enc:utf-8
4398 [main] INFO  ipse.xtend.util.stdlib.IOExtensions  - PedidoCEN
enc:utf-8
4481 [main] INFO  ipse.xtend.util.stdlib.IOExtensions  - LinPedCEN
enc:utf-8
4548 [main] INFO  ipse.xtend.util.stdlib.IOExtensions  - MensajeCEN
enc:utf-8
4621 [main] INFO  ipse.xtend.util.stdlib.IOExtensions  - ValoracionUsuarioCEN
enc:utf-8
4684 [main] INFO  ipse.xtend.util.stdlib.IOExtensions  - ValoracionPublicacionCEN
enc:utf-8
4744 [main] INFO  ipse.xtend.util.stdlib.IOExtensions  - DevolucionCEN
enc:utf-8
4808 [main] INFO  ipse.xtend.util.stdlib.IOExtensions  - TarifaCEN
enc:utf-8
4879 [main] INFO  ipse.xtend.util.stdlib.IOExtensions  - UsuarioCEN
enc:utf-8
4942 [main] INFO  ipse.xtend.util.stdlib.IOExtensions  - MetodoPagoCEN
enc:utf-8
enc:utf-8
5091 [main] INFO  ipse.xtend.util.stdlib.IOExtensions  - es.ua.dlsi.ooh.conceptualView.impl.OperationImpl@7817fd62 (name: new, visibility: Public, operationType: New, description: null, type: Object, collectionType: None, isStatic: false, isOrdered: false, filter: null, precondition: null, body: null, postcondition: null, automaticSynchronize: true, customized: false, paging: false, customizedTransaction: false)
5091 [main] INFO  ipse.xtend.util.stdlib.IOExtensions  - es.ua.dlsi.ooh.conceptualView.impl.OperationImpl@247bddad (name: modify, visibility: Public, operationType: Modifier, description: null, type: Void, collectionType: None, isStatic: false, isOrdered: false, filter: null, precondition: null, body: null, postcondition: null, automaticSynchronize: true, customized: false, paging: false, customizedTransaction: false)
5092 [main] INFO  ipse.xtend.util.stdlib.IOExtensions  - es.ua.dlsi.ooh.conceptualView.impl.OperationImpl@77f1baf5 (name: destroy, visibility: Public, operationType: Destroy, description: null, type: Void, collectionType: None, isStatic: false, isOrdered: false, filter: null, precondition: null, body: null, postcondition: null, automaticSynchronize: true, customized: false, paging: false, customizedTransaction: false)
5092 [main] INFO  ipse.xtend.util.stdlib.IOExtensions  - es.ua.dlsi.ooh.conceptualView.impl.OperationImpl@6c40365c (name: readOID, visibility: Public, operationType: ReadOID, description: null, type: Object, collectionType: None, isStatic: false, isOrdered: false, filter: null, precondition: null, body: null, postcondition: null, automaticSynchronize: true, customized: false, paging: false, customizedTransaction: false)
5092 [main] INFO  ipse.xtend.util.stdlib.IOExtensions  - es.ua.dlsi.ooh.conceptualView.impl.OperationImpl@131ef10 (name: readAll, visibility: Public, operationType: ReadAll, description: null, type: Object, collectionType: List, isStatic: false, isOrdered: false, filter: null, precondition: null, body: null, postcondition: null, automaticSynchronize: true, customized: false, paging: false, customizedTransaction: false)
enc:utf-8
5149 [main] INFO  ipse.xtend.util.stdlib.IOExtensions  - es.ua.dlsi.ooh.conceptualView.impl.OperationImpl@7dc0f706 (name: new, visibility: Public, operationType: New, description: null, type: Object, collectionType: None, isStatic: false, isOrdered: false, filter: null, precondition: null, body: null, postcondition: null, automaticSynchronize: true, customized: false, paging: false, customizedTransaction: false)
5150 [main] INFO  ipse.xtend.util.stdlib.IOExtensions  - es.ua.dlsi.ooh.conceptualView.impl.OperationImpl@2de23121 (name: modify, visibility: Public, operationType: Modifier, description: null, type: Void, collectionType: None, isStatic: false, isOrdered: false, filter: null, precondition: null, body: null, postcondition: null, automaticSynchronize: true, customized: false, paging: false, customizedTransaction: false)
5150 [main] INFO  ipse.xtend.util.stdlib.IOExtensions  - es.ua.dlsi.ooh.conceptualView.impl.OperationImpl@6913c1fb (name: destroy, visibility: Public, operationType: Destroy, description: null, type: Void, collectionType: None, isStatic: false, isOrdered: false, filter: null, precondition: null, body: null, postcondition: null, automaticSynchronize: true, customized: false, paging: false, customizedTransaction: false)
5150 [main] INFO  ipse.xtend.util.stdlib.IOExtensions  - es.ua.dlsi.ooh.conceptualView.impl.OperationImpl@bccb269 (name: readOID, visibility: Public, operationType: ReadOID, description: null, type: Object, collectionType: None, isStatic: false, isOrdered: false, filter: null, precondition: null, body: null, postcondition: null, automaticSynchronize: true, customized: false, paging: false, customizedTransaction: false)
5150 [main] INFO  ipse.xtend.util.stdlib.IOExtensions  - es.ua.dlsi.ooh.conceptualView.impl.OperationImpl@17f7cd29 (name: readAll, visibility: Public, operationType: ReadAll, description: null, type: Object, collectionType: List, isStatic: false, isOrdered: false, filter: null, precondition: null, body: null, postcondition: null, automaticSynchronize: true, customized: false, paging: false, customizedTransaction: false)
enc:utf-8
5215 [main] INFO  ipse.xtend.util.stdlib.IOExtensions  - es.ua.dlsi.ooh.conceptualView.impl.OperationImpl@7530ad9c (name: new, visibility: Public, operationType: New, description: null, type: Object, collectionType: None, isStatic: false, isOrdered: false, filter: null, precondition: null, body: null, postcondition: null, automaticSynchronize: true, customized: false, paging: false, customizedTransaction: false)
5215 [main] INFO  ipse.xtend.util.stdlib.IOExtensions  - es.ua.dlsi.ooh.conceptualView.impl.OperationImpl@4961f6af (name: modify, visibility: Public, operationType: Modifier, description: null, type: Void, collectionType: None, isStatic: false, isOrdered: false, filter: null, precondition: null, body: null, postcondition: null, automaticSynchronize: true, customized: false, paging: false, customizedTransaction: false)
5215 [main] INFO  ipse.xtend.util.stdlib.IOExtensions  - es.ua.dlsi.ooh.conceptualView.impl.OperationImpl@75db5df9 (name: destroy, visibility: Public, operationType: Destroy, description: null, type: Void, collectionType: None, isStatic: false, isOrdered: false, filter: null, precondition: null, body: null, postcondition: null, automaticSynchronize: true, customized: false, paging: false, customizedTransaction: false)
5216 [main] INFO  ipse.xtend.util.stdlib.IOExtensions  - es.ua.dlsi.ooh.conceptualView.impl.OperationImpl@1190200a (name: readOID, visibility: Public, operationType: ReadOID, description: null, type: Object, collectionType: None, isStatic: false, isOrdered: false, filter: null, precondition: null, body: null, postcondition: null, automaticSynchronize: true, customized: false, paging: false, customizedTransaction: false)
5216 [main] INFO  ipse.xtend.util.stdlib.IOExtensions  - es.ua.dlsi.ooh.conceptualView.impl.OperationImpl@45b4c3a9 (name: readAll, visibility: Public, operationType: ReadAll, description: null, type: Object, collectionType: List, isStatic: false, isOrdered: false, filter: null, precondition: null, body: null, postcondition: null, automaticSynchronize: true, customized: false, paging: false, customizedTransaction: false)
enc:utf-8
5274 [main] INFO  ipse.xtend.util.stdlib.IOExtensions  - es.ua.dlsi.ooh.conceptualView.impl.OperationImpl@f79e (name: new, visibility: Public, operationType: New, description: null, type: Object, collectionType: None, isStatic: false, isOrdered: false, filter: null, precondition: null, body: null, postcondition: null, automaticSynchronize: true, customized: false, paging: false, customizedTransaction: false)
5274 [main] INFO  ipse.xtend.util.stdlib.IOExtensions  - es.ua.dlsi.ooh.conceptualView.impl.OperationImpl@26b3fd41 (name: modify, visibility: Public, operationType: Modifier, description: null, type: Void, collectionType: None, isStatic: false, isOrdered: false, filter: null, precondition: null, body: null, postcondition: null, automaticSynchronize: true, customized: false, paging: false, customizedTransaction: false)
5274 [main] INFO  ipse.xtend.util.stdlib.IOExtensions  - es.ua.dlsi.ooh.conceptualView.impl.OperationImpl@1757cd72 (name: destroy, visibility: Public, operationType: Destroy, description: null, type: Void, collectionType: None, isStatic: false, isOrdered: false, filter: null, precondition: null, body: null, postcondition: null, automaticSynchronize: true, customized: false, paging: false, customizedTransaction: false)
5274 [main] INFO  ipse.xtend.util.stdlib.IOExtensions  - es.ua.dlsi.ooh.conceptualView.impl.OperationImpl@49e5f737 (name: readOID, visibility: Public, operationType: ReadOID, description: null, type: Object, collectionType: None, isStatic: false, isOrdered: false, filter: null, precondition: null, body: null, postcondition: null, automaticSynchronize: true, customized: false, paging: false, customizedTransaction: false)
5274 [main] INFO  ipse.xtend.util.stdlib.IOExtensions  - es.ua.dlsi.ooh.conceptualView.impl.OperationImpl@757277dc (name: readAll, visibility: Public, operationType: ReadAll, description: null, type: Object, collectionType: List, isStatic: false, isOrdered: false, filter: null, precondition: null, body: null, postcondition: null, automaticSynchronize: true, customized: false, paging: false, customizedTransaction: false)
enc:utf-8
5329 [main] INFO  ipse.xtend.util.stdlib.IOExtensions  - es.ua.dlsi.ooh.conceptualView.impl.OperationImpl@37271612 (name: new, visibility: Public, operationType: New, description: null, type: Object, collectionType: None, isStatic: false, isOrdered: false, filter: null, precondition: null, body: null, postcondition: null, automaticSynchronize: true, customized: false, paging: false, customizedTransaction: false)
5330 [main] INFO  ipse.xtend.util.stdlib.IOExtensions  - es.ua.dlsi.ooh.conceptualView.impl.OperationImpl@37883b97 (name: modify, visibility: Public, operationType: Modifier, description: null, type: Void, collectionType: None, isStatic: false, isOrdered: false, filter: null, precondition: null, body: null, postcondition: null, automaticSynchronize: true, customized: false, paging: false, customizedTransaction: false)
5330 [main] INFO  ipse.xtend.util.stdlib.IOExtensions  - es.ua.dlsi.ooh.conceptualView.impl.OperationImpl@77f80c04 (name: destroy, visibility: Public, operationType: Destroy, description: null, type: Void, collectionType: None, isStatic: false, isOrdered: false, filter: null, precondition: null, body: null, postcondition: null, automaticSynchronize: true, customized: false, paging: false, customizedTransaction: false)
5330 [main] INFO  ipse.xtend.util.stdlib.IOExtensions  - es.ua.dlsi.ooh.conceptualView.impl.OperationImpl@5c90e579 (name: readOID, visibility: Public, operationType: ReadOID, description: null, type: Object, collectionType: None, isStatic: false, isOrdered: false, filter: null, precondition: null, body: null, postcondition: null, automaticSynchronize: true, customized: false, paging: false, customizedTransaction: false)
5330 [main] INFO  ipse.xtend.util.stdlib.IOExtensions  - es.ua.dlsi.ooh.conceptualView.impl.OperationImpl@6f45df59 (name: readAll, visibility: Public, operationType: ReadAll, description: null, type: Object, collectionType: List, isStatic: false, isOrdered: false, filter: null, precondition: null, body: null, postcondition: null, automaticSynchronize: true, customized: false, paging: false, customizedTransaction: false)
enc:utf-8
5386 [main] INFO  ipse.xtend.util.stdlib.IOExtensions  - es.ua.dlsi.ooh.conceptualView.impl.OperationImpl@762ef0ea (name: new, visibility: Public, operationType: New, description: null, type: Object, collectionType: None, isStatic: false, isOrdered: false, filter: null, precondition: null, body: null, postcondition: null, automaticSynchronize: true, customized: false, paging: false, customizedTransaction: false)
5386 [main] INFO  ipse.xtend.util.stdlib.IOExtensions  - es.ua.dlsi.ooh.conceptualView.impl.OperationImpl@6db9f5a4 (name: modify, visibility: Public, operationType: Modifier, description: null, type: Void, collectionType: None, isStatic: false, isOrdered: false, filter: null, precondition: null, body: null, postcondition: null, automaticSynchronize: true, customized: false, paging: false, customizedTransaction: false)
5386 [main] INFO  ipse.xtend.util.stdlib.IOExtensions  - es.ua.dlsi.ooh.conceptualView.impl.OperationImpl@3c0be339 (name: destroy, visibility: Public, operationType: Destroy, description: null, type: Void, collectionType: None, isStatic: false, isOrdered: false, filter: null, precondition: null, body: null, postcondition: null, automaticSynchronize: true, customized: false, paging: false, customizedTransaction: false)
5386 [main] INFO  ipse.xtend.util.stdlib.IOExtensions  - es.ua.dlsi.ooh.conceptualView.impl.OperationImpl@7a675056 (name: readOID, visibility: Public, operationType: ReadOID, description: null, type: Object, collectionType: None, isStatic: false, isOrdered: false, filter: null, precondition: null, body: null, postcondition: null, automaticSynchronize: true, customized: false, paging: false, customizedTransaction: false)
5386 [main] INFO  ipse.xtend.util.stdlib.IOExtensions  - es.ua.dlsi.ooh.conceptualView.impl.OperationImpl@6e509ffa (name: readAll, visibility: Public, operationType: ReadAll, description: null, type: Object, collectionType: List, isStatic: false, isOrdered: false, filter: null, precondition: null, body: null, postcondition: null, automaticSynchronize: true, customized: false, paging: false, customizedTransaction: false)
enc:utf-8
5442 [main] INFO  ipse.xtend.util.stdlib.IOExtensions  - es.ua.dlsi.ooh.conceptualView.impl.OperationImpl@313b2ea6 (name: new, visibility: Public, operationType: New, description: null, type: Object, collectionType: None, isStatic: false, isOrdered: false, filter: null, precondition: null, body: null, postcondition: null, automaticSynchronize: true, customized: false, paging: false, customizedTransaction: false)
5443 [main] INFO  ipse.xtend.util.stdlib.IOExtensions  - es.ua.dlsi.ooh.conceptualView.impl.OperationImpl@3098cf3b (name: modify, visibility: Public, operationType: Modifier, description: null, type: Void, collectionType: None, isStatic: false, isOrdered: false, filter: null, precondition: null, body: null, postcondition: null, automaticSynchronize: true, customized: false, paging: false, customizedTransaction: false)
5443 [main] INFO  ipse.xtend.util.stdlib.IOExtensions  - es.ua.dlsi.ooh.conceptualView.impl.OperationImpl@5609159b (name: destroy, visibility: Public, operationType: Destroy, description: null, type: Void, collectionType: None, isStatic: false, isOrdered: false, filter: null, precondition: null, body: null, postcondition: null, automaticSynchronize: true, customized: false, paging: false, customizedTransaction: false)
5443 [main] INFO  ipse.xtend.util.stdlib.IOExtensions  - es.ua.dlsi.ooh.conceptualView.impl.OperationImpl@17a7f733 (name: readOID, visibility: Public, operationType: ReadOID, description: null, type: Object, collectionType: None, isStatic: false, isOrdered: false, filter: null, precondition: null, body: null, postcondition: null, automaticSynchronize: true, customized: false, paging: false, customizedTransaction: false)
5443 [main] INFO  ipse.xtend.util.stdlib.IOExtensions  - es.ua.dlsi.ooh.conceptualView.impl.OperationImpl@76ed1b7c (name: readAll, visibility: Public, operationType: ReadAll, description: null, type: Object, collectionType: List, isStatic: false, isOrdered: false, filter: null, precondition: null, body: null, postcondition: null, automaticSynchronize: true, customized: false, paging: false, customizedTransaction: false)
enc:utf-8
5497 [main] INFO  ipse.xtend.util.stdlib.IOExtensions  - es.ua.dlsi.ooh.conceptualView.impl.OperationImpl@3f56875e (name: new, visibility: Public, operationType: New, description: null, type: Object, collectionType: None, isStatic: false, isOrdered: false, filter: null, precondition: null, body: null, postcondition: null, automaticSynchronize: true, customized: false, paging: false, customizedTransaction: false)
5497 [main] INFO  ipse.xtend.util.stdlib.IOExtensions  - es.ua.dlsi.ooh.conceptualView.impl.OperationImpl@484970b0 (name: modify, visibility: Public, operationType: Modifier, description: null, type: Void, collectionType: None, isStatic: false, isOrdered: false, filter: null, precondition: null, body: null, postcondition: null, automaticSynchronize: true, customized: false, paging: false, customizedTransaction: false)
5497 [main] INFO  ipse.xtend.util.stdlib.IOExtensions  - es.ua.dlsi.ooh.conceptualView.impl.OperationImpl@37f1104d (name: destroy, visibility: Public, operationType: Destroy, description: null, type: Void, collectionType: None, isStatic: false, isOrdered: false, filter: null, precondition: null, body: null, postcondition: null, automaticSynchronize: true, customized: false, paging: false, customizedTransaction: false)
5497 [main] INFO  ipse.xtend.util.stdlib.IOExtensions  - es.ua.dlsi.ooh.conceptualView.impl.OperationImpl@60015ef5 (name: readOID, visibility: Public, operationType: ReadOID, description: null, type: Object, collectionType: None, isStatic: false, isOrdered: false, filter: null, precondition: null, body: null, postcondition: null, automaticSynchronize: true, customized: false, paging: false, customizedTransaction: false)
5498 [main] INFO  ipse.xtend.util.stdlib.IOExtensions  - es.ua.dlsi.ooh.conceptualView.impl.OperationImpl@1018bde2 (name: readAll, visibility: Public, operationType: ReadAll, description: null, type: Object, collectionType: List, isStatic: false, isOrdered: false, filter: null, precondition: null, body: null, postcondition: null, automaticSynchronize: true, customized: false, paging: false, customizedTransaction: false)
enc:utf-8
5552 [main] INFO  ipse.xtend.util.stdlib.IOExtensions  - es.ua.dlsi.ooh.conceptualView.impl.OperationImpl@45ca843 (name: new, visibility: Public, operationType: New, description: null, type: Object, collectionType: None, isStatic: false, isOrdered: false, filter: null, precondition: null, body: null, postcondition: null, automaticSynchronize: true, customized: false, paging: false, customizedTransaction: false)
5553 [main] INFO  ipse.xtend.util.stdlib.IOExtensions  - es.ua.dlsi.ooh.conceptualView.impl.OperationImpl@28975c28 (name: modify, visibility: Public, operationType: Modifier, description: null, type: Void, collectionType: None, isStatic: false, isOrdered: false, filter: null, precondition: null, body: null, postcondition: null, automaticSynchronize: true, customized: false, paging: false, customizedTransaction: false)
5553 [main] INFO  ipse.xtend.util.stdlib.IOExtensions  - es.ua.dlsi.ooh.conceptualView.impl.OperationImpl@6bf0219d (name: destroy, visibility: Public, operationType: Destroy, description: null, type: Void, collectionType: None, isStatic: false, isOrdered: false, filter: null, precondition: null, body: null, postcondition: null, automaticSynchronize: true, customized: false, paging: false, customizedTransaction: false)
5553 [main] INFO  ipse.xtend.util.stdlib.IOExtensions  - es.ua.dlsi.ooh.conceptualView.impl.OperationImpl@5f16132a (name: readOID, visibility: Public, operationType: ReadOID, description: null, type: Object, collectionType: None, isStatic: false, isOrdered: false, filter: null, precondition: null, body: null, postcondition: null, automaticSynchronize: true, customized: false, paging: false, customizedTransaction: false)
5553 [main] INFO  ipse.xtend.util.stdlib.IOExtensions  - es.ua.dlsi.ooh.conceptualView.impl.OperationImpl@36d585c (name: readAll, visibility: Public, operationType: ReadAll, description: null, type: Object, collectionType: List, isStatic: false, isOrdered: false, filter: null, precondition: null, body: null, postcondition: null, automaticSynchronize: true, customized: false, paging: false, customizedTransaction: false)
enc:utf-8
5607 [main] INFO  ipse.xtend.util.stdlib.IOExtensions  - es.ua.dlsi.ooh.conceptualView.impl.OperationImpl@776b83cc (name: new, visibility: Public, operationType: New, description: null, type: Object, collectionType: None, isStatic: false, isOrdered: false, filter: null, precondition: null, body: null, postcondition: null, automaticSynchronize: true, customized: false, paging: false, customizedTransaction: false)
5607 [main] INFO  ipse.xtend.util.stdlib.IOExtensions  - es.ua.dlsi.ooh.conceptualView.impl.OperationImpl@37858383 (name: modify, visibility: Public, operationType: Modifier, description: null, type: Void, collectionType: None, isStatic: false, isOrdered: false, filter: null, precondition: null, body: null, postcondition: null, automaticSynchronize: true, customized: false, paging: false, customizedTransaction: false)
5607 [main] INFO  ipse.xtend.util.stdlib.IOExtensions  - es.ua.dlsi.ooh.conceptualView.impl.OperationImpl@1bb266b3 (name: destroy, visibility: Public, operationType: Destroy, description: null, type: Void, collectionType: None, isStatic: false, isOrdered: false, filter: null, precondition: null, body: null, postcondition: null, automaticSynchronize: true, customized: false, paging: false, customizedTransaction: false)
5607 [main] INFO  ipse.xtend.util.stdlib.IOExtensions  - es.ua.dlsi.ooh.conceptualView.impl.OperationImpl@2beee7ff (name: readOID, visibility: Public, operationType: ReadOID, description: null, type: Object, collectionType: None, isStatic: false, isOrdered: false, filter: null, precondition: null, body: null, postcondition: null, automaticSynchronize: true, customized: false, paging: false, customizedTransaction: false)
5608 [main] INFO  ipse.xtend.util.stdlib.IOExtensions  - es.ua.dlsi.ooh.conceptualView.impl.OperationImpl@5939a379 (name: readAll, visibility: Public, operationType: ReadAll, description: null, type: Object, collectionType: List, isStatic: false, isOrdered: false, filter: null, precondition: null, body: null, postcondition: null, automaticSynchronize: true, customized: false, paging: false, customizedTransaction: false)
enc:utf-8
enc:utf-8
enc:utf-8
5785 [main] INFO  ipse.xtend.util.stdlib.IOExtensions  - PublicacionEN
enc:utf-8
5862 [main] INFO  ipse.xtend.util.stdlib.IOExtensions  - PedidoEN
enc:utf-8
5928 [main] INFO  ipse.xtend.util.stdlib.IOExtensions  - LinPedEN
enc:utf-8
5993 [main] INFO  ipse.xtend.util.stdlib.IOExtensions  - MensajeEN
enc:utf-8
6054 [main] INFO  ipse.xtend.util.stdlib.IOExtensions  - ValoracionUsuarioEN
enc:utf-8
6114 [main] INFO  ipse.xtend.util.stdlib.IOExtensions  - ValoracionPublicacionEN
enc:utf-8
6180 [main] INFO  ipse.xtend.util.stdlib.IOExtensions  - DevolucionEN
enc:utf-8
6241 [main] INFO  ipse.xtend.util.stdlib.IOExtensions  - TarifaEN
enc:utf-8
6320 [main] INFO  ipse.xtend.util.stdlib.IOExtensions  - UsuarioEN
enc:utf-8
6436 [main] INFO  ipse.xtend.util.stdlib.IOExtensions  - MetodoPagoEN
enc:utf-8
enc:utf-8
enc:utf-8
enc:utf-8
enc:utf-8
enc:utf-8
enc:utf-8
enc:utf-8
enc:utf-8
enc:utf-8
enc:utf-8
enc:utf-8
enc:utf-8
enc:utf-8
enc:utf-8
enc:utf-8
enc:utf-8
enc:utf-8
7296 [main] INFO         org.eclipse.xpand2.Generator  - Written 3 files to outlet [default](../ArthookGen)
7296 [main] INFO         org.eclipse.xpand2.Generator  - Skipped writing of 90 files to outlet [default](../ArthookGen)
7296 [main] INFO  e.core.container.CompositeComponent  - es.ua.dlsi.ooh.persistence.nhibernate.generator.workflowComponents.CreateSolution
7304 [main] INFO  e.core.container.CompositeComponent  - es.ua.dlsi.ooh.persistence.nhibernate.generator.workflowComponents.UpdateSolution
7313 [main] INFO  eclipse.emf.mwe.core.WorkflowEngine  - workflow completed in 6517ms!
